<?xml version="1.0" encoding="UTF-8"?>
<!-- Generated by org.testng.reporters.JUnitReportReporter -->
<testsuite skipped="0" hostname="Nandana" name="com.Bugzilla.TestNGBasics" tests="4" failures="0" timestamp="02 Aug 2018 11:56:10 GMT" time="0.005" errors="0">
  <testcase name="sum" time="0.000" classname="com.Bugzilla.TestNGBasics"/>
  <testcase name="difference" time="0.000" classname="com.Bugzilla.TestNGBasics"/>
  <testcase name="multi" time="0.005" classname="com.Bugzilla.TestNGBasics"/>
  <testcase name="division" time="0.000" classname="com.Bugzilla.TestNGBasics"/>
</testsuite> <!-- com.Bugzilla.TestNGBasics -->
