<?xml version="1.0" encoding="UTF-8"?>
<!-- Generated by org.testng.reporters.JUnitReportReporter -->
<testsuite skipped="0" hostname="Nandana" name="com.Bugzilla.TC_LoginTest_001" tests="1" failures="0" timestamp="30 Jul 2018 12:31:17 GMT" time="0.025" errors="0">
  <testcase name="loginTestDemo" time="0.025" classname="com.Bugzilla.TC_LoginTest_001"/>
</testsuite> <!-- com.Bugzilla.TC_LoginTest_001 -->
