<?xml version="1.0" encoding="UTF-8"?>
<!-- Generated by org.testng.reporters.JUnitReportReporter -->
<testsuite skipped="0" hostname="Nandana" name="com.Bugzilla.GitHubTest" tests="1" failures="0" timestamp="02 Aug 2018 13:20:27 GMT" time="0.000" errors="0">
  <testcase name="gHtest" time="0.000" classname="com.Bugzilla.GitHubTest"/>
</testsuite> <!-- com.Bugzilla.GitHubTest -->
