<?xml version="1.0" encoding="UTF-8"?>
<!-- Generated by org.testng.reporters.JUnitReportReporter -->
<testsuite skipped="0" hostname="Nandana" name="com.Bugzilla.TC_LoginTest" tests="1" failures="0" timestamp="02 Aug 2018 11:53:35 GMT" time="0.015" errors="0">
  <testcase name="loginTest" time="0.015" classname="com.Bugzilla.TC_LoginTest"/>
</testsuite> <!-- com.Bugzilla.TC_LoginTest -->
