<?xml version="1.0" encoding="UTF-8"?>
<!-- Generated by org.testng.reporters.JUnitReportReporter -->
<testsuite skipped="0" hostname="Nandana" name="com.Bugzilla.TC_LoginTest" tests="3" failures="0" timestamp="02 Aug 2018 13:20:27 GMT" time="0.015" errors="0">
  <testcase name="loginTest1" time="0.015" classname="com.Bugzilla.TC_LoginTest"/>
  <testcase name="loginTest2" time="0.000" classname="com.Bugzilla.TC_LoginTest"/>
  <testcase name="loginTest" time="0.000" classname="com.Bugzilla.TC_LoginTest"/>
</testsuite> <!-- com.Bugzilla.TC_LoginTest -->
