<?xml version="1.0" encoding="UTF-8"?>
<!-- Generated by org.testng.reporters.JUnitReportReporter -->
<testsuite skipped="0" hostname="Nandana" name="com.Bugzilla.TC_LoginTest_001" tests="1" failures="0" timestamp="30 Jul 2018 12:41:10 GMT" time="0.017" errors="0">
  <testcase name="loginTest" time="0.017" classname="com.Bugzilla.TC_LoginTest_001"/>
</testsuite> <!-- com.Bugzilla.TC_LoginTest_001 -->
