<?xml version="1.0" encoding="UTF-8"?>
<!-- Generated by org.testng.reporters.JUnitReportReporter -->
<testsuite skipped="0" hostname="Nandana" name="com.Bugzilla.TestNGBasics" tests="4" failures="0" timestamp="28 Jul 2018 15:59:30 GMT" time="0.033" errors="0">
  <testcase name="sum" time="0.020" classname="com.Bugzilla.TestNGBasics"/>
  <testcase name="difference" time="0.007" classname="com.Bugzilla.TestNGBasics"/>
  <testcase name="multi" time="0.003" classname="com.Bugzilla.TestNGBasics"/>
  <testcase name="division" time="0.003" classname="com.Bugzilla.TestNGBasics"/>
</testsuite> <!-- com.Bugzilla.TestNGBasics -->
